23-10-2022 09:59:23.918 [35m[main][0;39m [34mINFO [0;39m org.buravlev.App.logStarting - Starting App using Java 17.0.4.1 on glock with PID 4496 (D:\java\Telegram\dispatcher\target\classes started by prodd in D:\java\Telegram)
23-10-2022 09:59:23.921 [35m[main][0;39m [34mINFO [0;39m org.buravlev.App.logStartupProfileInfo - No active profile set, falling back to default profiles: default
23-10-2022 09:59:25.066 [35m[main][0;39m [34mINFO [0;39m o.s.b.w.e.tomcat.TomcatWebServer.initialize - Tomcat initialized with port(s): 8081 (http)
23-10-2022 09:59:25.078 [35m[main][0;39m [34mINFO [0;39m o.a.catalina.core.StandardService.log - Starting service [Tomcat]
23-10-2022 09:59:25.078 [35m[main][0;39m [34mINFO [0;39m o.a.catalina.core.StandardEngine.log - Starting Servlet engine: [Apache Tomcat/9.0.48]
23-10-2022 09:59:25.197 [35m[main][0;39m [34mINFO [0;39m o.a.c.c.C.[Tomcat].[localhost].[/].log - Initializing Spring embedded WebApplicationContext
23-10-2022 09:59:25.197 [35m[main][0;39m [34mINFO [0;39m o.s.b.w.s.c.ServletWebServerApplicationContext.prepareWebApplicationContext - Root WebApplicationContext: initialization completed in 1207 ms
23-10-2022 09:59:26.643 [35m[main][0;39m [34mINFO [0;39m o.s.b.w.e.tomcat.TomcatWebServer.start - Tomcat started on port(s): 8081 (http) with context path ''
23-10-2022 09:59:26.653 [35m[main][0;39m [34mINFO [0;39m org.buravlev.App.logStarted - Started App in 3.306 seconds (JVM running for 4.78)
23-10-2022 10:00:13.531 [35m[comspringlearnbot Telegram Executor][0;39m [1;31mERROR[0;39m o.t.t.u.DefaultBotSession.run - Cannot invoke "org.buravlev.service.UpdateProducer.produce(String, org.telegram.telegrambots.meta.api.objects.Update)" because "this.updateProducer" is null
java.lang.NullPointerException: Cannot invoke "org.buravlev.service.UpdateProducer.produce(String, org.telegram.telegrambots.meta.api.objects.Update)" because "this.updateProducer" is null
	at org.buravlev.controller.UpdateController.processTextMessage(UpdateController.java:65)
	at org.buravlev.controller.UpdateController.distributeMessageByType(UpdateController.java:43)
	at org.buravlev.controller.UpdateController.processUpdate(UpdateController.java:34)
	at org.buravlev.controller.TelegramBot.onUpdateReceived(TelegramBot.java:44)
	at java.base/java.util.ArrayList.forEach(ArrayList.java:1511)
	at org.telegram.telegrambots.meta.generics.LongPollingBot.onUpdatesReceived(LongPollingBot.java:27)
	at org.telegram.telegrambots.updatesreceivers.DefaultBotSession$HandlerThread.run(DefaultBotSession.java:317)
23-10-2022 10:07:19.588 [35m[main][0;39m [34mINFO [0;39m org.buravlev.App.logStarting - Starting App using Java 17.0.4.1 on glock with PID 16540 (D:\java\Telegram\dispatcher\target\classes started by prodd in D:\java\Telegram)
23-10-2022 10:07:19.597 [35m[main][0;39m [34mINFO [0;39m org.buravlev.App.logStartupProfileInfo - No active profile set, falling back to default profiles: default
23-10-2022 10:07:20.644 [35m[main][0;39m [34mINFO [0;39m o.s.b.w.e.tomcat.TomcatWebServer.initialize - Tomcat initialized with port(s): 8081 (http)
23-10-2022 10:07:20.655 [35m[main][0;39m [34mINFO [0;39m o.a.catalina.core.StandardService.log - Starting service [Tomcat]
23-10-2022 10:07:20.655 [35m[main][0;39m [34mINFO [0;39m o.a.catalina.core.StandardEngine.log - Starting Servlet engine: [Apache Tomcat/9.0.48]
23-10-2022 10:07:20.772 [35m[main][0;39m [34mINFO [0;39m o.a.c.c.C.[Tomcat].[localhost].[/].log - Initializing Spring embedded WebApplicationContext
23-10-2022 10:07:20.773 [35m[main][0;39m [34mINFO [0;39m o.s.b.w.s.c.ServletWebServerApplicationContext.prepareWebApplicationContext - Root WebApplicationContext: initialization completed in 1123 ms
23-10-2022 10:07:20.861 [35m[main][0;39m [31mWARN [0;39m o.s.b.w.s.c.AnnotationConfigServletWebServerApplicationContext.refresh - Exception encountered during context initialization - cancelling refresh attempt: org.springframework.beans.factory.UnsatisfiedDependencyException: Error creating bean with name 'telegramBot' defined in file [D:\java\Telegram\dispatcher\target\classes\org\buravlev\controller\TelegramBot.class]: Unsatisfied dependency expressed through constructor parameter 0; nested exception is org.springframework.beans.factory.UnsatisfiedDependencyException: Error creating bean with name 'updateController' defined in file [D:\java\Telegram\dispatcher\target\classes\org\buravlev\controller\UpdateController.class]: Unsatisfied dependency expressed through constructor parameter 1; nested exception is org.springframework.beans.factory.NoSuchBeanDefinitionException: No qualifying bean of type 'org.buravlev.service.UpdateProducer' available: expected at least 1 bean which qualifies as autowire candidate. Dependency annotations: {}
23-10-2022 10:07:20.864 [35m[main][0;39m [34mINFO [0;39m o.a.catalina.core.StandardService.log - Stopping service [Tomcat]
23-10-2022 10:07:20.876 [35m[main][0;39m [34mINFO [0;39m o.s.b.a.l.ConditionEvaluationReportLoggingListener.logMessage - 

Error starting ApplicationContext. To display the conditions report re-run your application with 'debug' enabled.
23-10-2022 10:07:20.899 [35m[main][0;39m [1;31mERROR[0;39m o.s.b.d.LoggingFailureAnalysisReporter.report - 

***************************
APPLICATION FAILED TO START
***************************

Description:

Parameter 1 of constructor in org.buravlev.controller.UpdateController required a bean of type 'org.buravlev.service.UpdateProducer' that could not be found.


Action:

Consider defining a bean of type 'org.buravlev.service.UpdateProducer' in your configuration.

23-10-2022 10:09:43.418 [35m[main][0;39m [34mINFO [0;39m org.buravlev.App.logStarting - Starting App using Java 17.0.4.1 on glock with PID 8176 (D:\java\Telegram\dispatcher\target\classes started by prodd in D:\java\Telegram)
23-10-2022 10:09:43.421 [35m[main][0;39m [34mINFO [0;39m org.buravlev.App.logStartupProfileInfo - No active profile set, falling back to default profiles: default
23-10-2022 10:09:44.136 [35m[main][0;39m [34mINFO [0;39m o.s.b.w.e.tomcat.TomcatWebServer.initialize - Tomcat initialized with port(s): 8081 (http)
23-10-2022 10:09:44.144 [35m[main][0;39m [34mINFO [0;39m o.a.catalina.core.StandardService.log - Starting service [Tomcat]
23-10-2022 10:09:44.144 [35m[main][0;39m [34mINFO [0;39m o.a.catalina.core.StandardEngine.log - Starting Servlet engine: [Apache Tomcat/9.0.48]
23-10-2022 10:09:44.235 [35m[main][0;39m [34mINFO [0;39m o.a.c.c.C.[Tomcat].[localhost].[/].log - Initializing Spring embedded WebApplicationContext
23-10-2022 10:09:44.236 [35m[main][0;39m [34mINFO [0;39m o.s.b.w.s.c.ServletWebServerApplicationContext.prepareWebApplicationContext - Root WebApplicationContext: initialization completed in 764 ms
23-10-2022 10:09:45.882 [35m[main][0;39m [34mINFO [0;39m o.s.b.w.e.tomcat.TomcatWebServer.start - Tomcat started on port(s): 8081 (http) with context path ''
23-10-2022 10:09:45.890 [35m[main][0;39m [34mINFO [0;39m org.buravlev.App.logStarted - Started App in 2.791 seconds (JVM running for 3.472)
23-10-2022 10:13:32.654 [35m[main][0;39m [34mINFO [0;39m org.buravlev.App.logStarting - Starting App using Java 17.0.4.1 on glock with PID 10552 (D:\java\Telegram\dispatcher\target\classes started by prodd in D:\java\Telegram)
23-10-2022 10:13:32.669 [35m[main][0;39m [34mINFO [0;39m org.buravlev.App.logStartupProfileInfo - No active profile set, falling back to default profiles: default
23-10-2022 10:13:34.015 [35m[main][0;39m [34mINFO [0;39m o.s.b.w.e.tomcat.TomcatWebServer.initialize - Tomcat initialized with port(s): 8081 (http)
23-10-2022 10:13:34.034 [35m[main][0;39m [34mINFO [0;39m o.a.catalina.core.StandardService.log - Starting service [Tomcat]
23-10-2022 10:13:34.039 [35m[main][0;39m [34mINFO [0;39m o.a.catalina.core.StandardEngine.log - Starting Servlet engine: [Apache Tomcat/9.0.48]
23-10-2022 10:13:34.274 [35m[main][0;39m [34mINFO [0;39m o.a.c.c.C.[Tomcat].[localhost].[/].log - Initializing Spring embedded WebApplicationContext
23-10-2022 10:13:34.274 [35m[main][0;39m [34mINFO [0;39m o.s.b.w.s.c.ServletWebServerApplicationContext.prepareWebApplicationContext - Root WebApplicationContext: initialization completed in 1534 ms
23-10-2022 10:13:35.894 [35m[main][0;39m [34mINFO [0;39m o.s.b.w.e.tomcat.TomcatWebServer.start - Tomcat started on port(s): 8081 (http) with context path ''
23-10-2022 10:13:35.904 [35m[main][0;39m [34mINFO [0;39m org.buravlev.App.logStarted - Started App in 3.814 seconds (JVM running for 5.325)
23-10-2022 10:15:43.708 [35m[main][0;39m [34mINFO [0;39m org.buravlev.App.logStarting - Starting App using Java 17.0.4.1 on glock with PID 10428 (D:\java\Telegram\dispatcher\target\classes started by prodd in D:\java\Telegram)
23-10-2022 10:15:43.721 [35m[main][0;39m [34mINFO [0;39m org.buravlev.App.logStartupProfileInfo - No active profile set, falling back to default profiles: default
23-10-2022 10:15:45.002 [35m[main][0;39m [34mINFO [0;39m o.s.b.w.e.tomcat.TomcatWebServer.initialize - Tomcat initialized with port(s): 8081 (http)
23-10-2022 10:15:45.014 [35m[main][0;39m [34mINFO [0;39m o.a.catalina.core.StandardService.log - Starting service [Tomcat]
23-10-2022 10:15:45.014 [35m[main][0;39m [34mINFO [0;39m o.a.catalina.core.StandardEngine.log - Starting Servlet engine: [Apache Tomcat/9.0.48]
23-10-2022 10:15:45.131 [35m[main][0;39m [34mINFO [0;39m o.a.c.c.C.[Tomcat].[localhost].[/].log - Initializing Spring embedded WebApplicationContext
23-10-2022 10:15:45.132 [35m[main][0;39m [34mINFO [0;39m o.s.b.w.s.c.ServletWebServerApplicationContext.prepareWebApplicationContext - Root WebApplicationContext: initialization completed in 1333 ms
23-10-2022 10:15:46.643 [35m[main][0;39m [34mINFO [0;39m o.s.b.w.e.tomcat.TomcatWebServer.start - Tomcat started on port(s): 8081 (http) with context path ''
23-10-2022 10:15:46.656 [35m[main][0;39m [34mINFO [0;39m org.buravlev.App.logStarted - Started App in 3.48 seconds (JVM running for 4.756)
23-10-2022 10:17:13.135 [35m[main][0;39m [34mINFO [0;39m org.buravlev.App.logStarting - Starting App using Java 17.0.4.1 on glock with PID 7752 (D:\java\Telegram\dispatcher\target\classes started by prodd in D:\java\Telegram)
23-10-2022 10:17:13.137 [35m[main][0;39m [34mINFO [0;39m org.buravlev.App.logStartupProfileInfo - No active profile set, falling back to default profiles: default
23-10-2022 10:17:13.972 [35m[main][0;39m [34mINFO [0;39m o.s.b.w.e.tomcat.TomcatWebServer.initialize - Tomcat initialized with port(s): 8081 (http)
23-10-2022 10:17:13.981 [35m[main][0;39m [34mINFO [0;39m o.a.catalina.core.StandardService.log - Starting service [Tomcat]
23-10-2022 10:17:13.981 [35m[main][0;39m [34mINFO [0;39m o.a.catalina.core.StandardEngine.log - Starting Servlet engine: [Apache Tomcat/9.0.48]
23-10-2022 10:17:14.084 [35m[main][0;39m [34mINFO [0;39m o.a.c.c.C.[Tomcat].[localhost].[/].log - Initializing Spring embedded WebApplicationContext
23-10-2022 10:17:14.085 [35m[main][0;39m [34mINFO [0;39m o.s.b.w.s.c.ServletWebServerApplicationContext.prepareWebApplicationContext - Root WebApplicationContext: initialization completed in 902 ms
23-10-2022 10:17:14.976 [35m[main][0;39m [34mINFO [0;39m o.s.b.w.e.tomcat.TomcatWebServer.start - Tomcat started on port(s): 8081 (http) with context path ''
23-10-2022 10:17:14.985 [35m[main][0;39m [34mINFO [0;39m org.buravlev.App.logStarted - Started App in 2.211 seconds (JVM running for 3.184)
23-10-2022 10:22:07.014 [35m[main][0;39m [34mINFO [0;39m org.buravlev.App.logStarting - Starting App using Java 17.0.4.1 on glock with PID 5360 (D:\java\Telegram\dispatcher\target\classes started by prodd in D:\java\Telegram)
23-10-2022 10:22:07.016 [35m[main][0;39m [34mINFO [0;39m org.buravlev.App.logStartupProfileInfo - No active profile set, falling back to default profiles: default
23-10-2022 10:22:07.752 [35m[main][0;39m [34mINFO [0;39m o.s.b.w.e.tomcat.TomcatWebServer.initialize - Tomcat initialized with port(s): 8081 (http)
23-10-2022 10:22:07.760 [35m[main][0;39m [34mINFO [0;39m o.a.catalina.core.StandardService.log - Starting service [Tomcat]
23-10-2022 10:22:07.760 [35m[main][0;39m [34mINFO [0;39m o.a.catalina.core.StandardEngine.log - Starting Servlet engine: [Apache Tomcat/9.0.48]
23-10-2022 10:22:07.857 [35m[main][0;39m [34mINFO [0;39m o.a.c.c.C.[Tomcat].[localhost].[/].log - Initializing Spring embedded WebApplicationContext
23-10-2022 10:22:07.857 [35m[main][0;39m [34mINFO [0;39m o.s.b.w.s.c.ServletWebServerApplicationContext.prepareWebApplicationContext - Root WebApplicationContext: initialization completed in 776 ms
23-10-2022 10:22:08.688 [35m[main][0;39m [34mINFO [0;39m o.s.b.w.e.tomcat.TomcatWebServer.start - Tomcat started on port(s): 8081 (http) with context path ''
23-10-2022 10:22:08.697 [35m[main][0;39m [34mINFO [0;39m org.buravlev.App.logStarted - Started App in 2.014 seconds (JVM running for 2.679)
